0 info it worked if it ends with ok
1 verbose cli [ '/usr/bin/nodejs', '/usr/bin/npm', 'install' ]
2 info using npm@3.5.2
3 info using node@v4.2.6
4 silly loadCurrentTree Starting
5 silly install loadCurrentTree
6 silly install readLocalPackageData
7 silly install normalizeTree
8 silly loadCurrentTree Finishing
9 silly loadIdealTree Starting
10 silly install loadIdealTree
11 silly cloneCurrentTree Starting
12 silly install cloneCurrentTreeToIdealTree
13 silly cloneCurrentTree Finishing
14 silly loadShrinkwrap Starting
15 silly install loadShrinkwrap
16 silly loadShrinkwrap Finishing
17 silly loadAllDepsIntoIdealTree Starting
18 silly install loadAllDepsIntoIdealTree
19 silly fetchNamedPackageData connect
20 silly mapToRegistry name connect
21 silly mapToRegistry using default registry
22 silly mapToRegistry registry https://registry.npmjs.org/
23 silly mapToRegistry uri https://registry.npmjs.org/connect
24 verbose request uri https://registry.npmjs.org/connect
25 verbose request no auth needed
26 info attempt registry request try #1 at 1:58:23 AM
27 verbose request id 4cc45b402709bcb7
28 http request GET https://registry.npmjs.org/connect
29 info retry will retry, error on last attempt: Error: getaddrinfo EAI_AGAIN registry.npmjs.org:443
30 info attempt registry request try #2 at 1:58:38 AM
31 http request GET https://registry.npmjs.org/connect
32 http 200 https://registry.npmjs.org/connect
33 verbose headers { server: 'CouchDB/1.5.0 (Erlang OTP/R16B03)',
33 verbose headers   etag: '"2PHSSLRUP2N7PSMDHK8VV1UT8"',
33 verbose headers   'content-type': 'application/json',
33 verbose headers   'content-encoding': 'gzip',
33 verbose headers   'cache-control': 'max-age=300',
33 verbose headers   'content-length': '33657',
33 verbose headers   'accept-ranges': 'bytes',
33 verbose headers   date: 'Thu, 25 Aug 2016 20:29:40 GMT',
33 verbose headers   via: '1.1 varnish',
33 verbose headers   age: '260',
33 verbose headers   connection: 'keep-alive',
33 verbose headers   'x-served-by': 'cache-sin6924-SIN',
33 verbose headers   'x-cache': 'HIT',
33 verbose headers   'x-cache-hits': '5',
33 verbose headers   'x-timer': 'S1472156980.434816,VS0,VE0',
33 verbose headers   vary: 'Accept-Encoding' }
34 silly get cb [ 200,
34 silly get   { server: 'CouchDB/1.5.0 (Erlang OTP/R16B03)',
34 silly get     etag: '"2PHSSLRUP2N7PSMDHK8VV1UT8"',
34 silly get     'content-type': 'application/json',
34 silly get     'content-encoding': 'gzip',
34 silly get     'cache-control': 'max-age=300',
34 silly get     'content-length': '33657',
34 silly get     'accept-ranges': 'bytes',
34 silly get     date: 'Thu, 25 Aug 2016 20:29:40 GMT',
34 silly get     via: '1.1 varnish',
34 silly get     age: '260',
34 silly get     connection: 'keep-alive',
34 silly get     'x-served-by': 'cache-sin6924-SIN',
34 silly get     'x-cache': 'HIT',
34 silly get     'x-cache-hits': '5',
34 silly get     'x-timer': 'S1472156980.434816,VS0,VE0',
34 silly get     vary: 'Accept-Encoding' } ]
35 verbose get saving connect to /home/ashish/.npm/registry.npmjs.org/connect/.cache.json
36 silly resolveWithNewModule connect@2.14.5 checking installable status
37 silly cache add args [ 'connect@~2.14.4', null ]
38 verbose cache add spec connect@~2.14.4
39 silly cache add parsed spec Result {
39 silly cache add   raw: 'connect@~2.14.4',
39 silly cache add   scope: null,
39 silly cache add   name: 'connect',
39 silly cache add   rawSpec: '~2.14.4',
39 silly cache add   spec: '>=2.14.4 <2.15.0',
39 silly cache add   type: 'range' }
40 silly addNamed connect@>=2.14.4 <2.15.0
41 verbose addNamed ">=2.14.4 <2.15.0" is a valid semver range for connect
42 silly addNameRange { name: 'connect', range: '>=2.14.4 <2.15.0', hasData: false }
43 silly mapToRegistry name connect
44 silly mapToRegistry using default registry
45 silly mapToRegistry registry https://registry.npmjs.org/
46 silly mapToRegistry uri https://registry.npmjs.org/connect
47 verbose addNameRange registry:https://registry.npmjs.org/connect not in flight; fetching
48 verbose get https://registry.npmjs.org/connect not expired, no request
49 silly addNameRange number 2 { name: 'connect', range: '>=2.14.4 <2.15.0', hasData: true }
50 silly addNameRange versions [ 'connect',
50 silly addNameRange   [ '0.0.1',
50 silly addNameRange     '0.0.2',
50 silly addNameRange     '0.0.3',
50 silly addNameRange     '0.0.4',
50 silly addNameRange     '0.0.5',
50 silly addNameRange     '0.0.6',
50 silly addNameRange     '0.1.0',
50 silly addNameRange     '0.2.0',
50 silly addNameRange     '0.2.1',
50 silly addNameRange     '0.2.2',
50 silly addNameRange     '0.2.3',
50 silly addNameRange     '0.2.4',
50 silly addNameRange     '0.2.5',
50 silly addNameRange     '0.2.6',
50 silly addNameRange     '0.2.7',
50 silly addNameRange     '0.3.0',
50 silly addNameRange     '0.4.0',
50 silly addNameRange     '0.5.0',
50 silly addNameRange     '0.5.1',
50 silly addNameRange     '0.5.2',
50 silly addNameRange     '0.5.3',
50 silly addNameRange     '0.5.4',
50 silly addNameRange     '0.5.5',
50 silly addNameRange     '0.5.6',
50 silly addNameRange     '0.5.7',
50 silly addNameRange     '0.5.8',
50 silly addNameRange     '0.5.9',
50 silly addNameRange     '0.5.10',
50 silly addNameRange     '1.0.0',
50 silly addNameRange     '1.0.1',
50 silly addNameRange     '1.0.2',
50 silly addNameRange     '1.0.3',
50 silly addNameRange     '1.0.4',
50 silly addNameRange     '1.0.5',
50 silly addNameRange     '1.0.6',
50 silly addNameRange     '1.1.0',
50 silly addNameRange     '1.1.1',
50 silly addNameRange     '1.1.2',
50 silly addNameRange     '1.1.3',
50 silly addNameRange     '1.1.4',
50 silly addNameRange     '1.1.5',
50 silly addNameRange     '1.2.0',
50 silly addNameRange     '1.2.1',
50 silly addNameRange     '1.2.2',
50 silly addNameRange     '1.2.3',
50 silly addNameRange     '1.3.0',
50 silly addNameRange     '1.4.0',
50 silly addNameRange     '1.4.1',
50 silly addNameRange     '1.4.2',
50 silly addNameRange     '1.4.3',
50 silly addNameRange     '1.4.4',
50 silly addNameRange     '1.4.5',
50 silly addNameRange     '1.4.6',
50 silly addNameRange     '1.5.0',
50 silly addNameRange     '1.5.1',
50 silly addNameRange     '1.5.2',
50 silly addNameRange     '1.6.0',
50 silly addNameRange     '1.6.1',
50 silly addNameRange     '1.6.2',
50 silly addNameRange     '1.6.3',
50 silly addNameRange     '1.6.4',
50 silly addNameRange     '1.7.0',
50 silly addNameRange     '1.7.1',
50 silly addNameRange     '1.7.2',
50 silly addNameRange     '1.7.3',
50 silly addNameRange     '1.8.0',
50 silly addNameRange     '1.8.1',
50 silly addNameRange     '1.8.2',
50 silly addNameRange     '1.8.3',
50 silly addNameRange     '1.8.4',
50 silly addNameRange     '1.8.5',
50 silly addNameRange     '2.0.0',
50 silly addNameRange     '2.0.1',
50 silly addNameRange     '2.0.2',
50 silly addNameRange     '2.0.3',
50 silly addNameRange     '1.8.6',
50 silly addNameRange     '2.1.0',
50 silly addNameRange     '2.1.1',
50 silly addNameRange     '2.1.2',
50 silly addNameRange     '1.8.7',
50 silly addNameRange     '2.1.3',
50 silly addNameRange     '2.2.0',
50 silly addNameRange     '2.2.1',
50 silly addNameRange     '2.2.2',
50 silly addNameRange     '2.3.0',
50 silly addNameRange     '2.3.1',
50 silly addNameRange     '2.3.2',
50 silly addNameRange     '2.3.3',
50 silly addNameRange     '1.9.0',
50 silly addNameRange     '1.9.1',
50 silly addNameRange     '2.3.4',
50 silly addNameRange     '2.3.5',
50 silly addNameRange     '2.3.6',
50 silly addNameRange     '2.3.7',
50 silly addNameRange     '1.9.2',
50 silly addNameRange     '2.3.8',
50 silly addNameRange     '2.3.9',
50 silly addNameRange     '2.4.0',
50 silly addNameRange     '2.4.1',
50 silly addNameRange     '2.4.2',
50 silly addNameRange     '2.4.3',
50 silly addNameRange     '2.4.4',
50 silly addNameRange     '2.4.5',
50 silly addNameRange     '2.4.6',
50 silly addNameRange     '2.5.0',
50 silly addNameRange     '2.6.0',
50 silly addNameRange     '2.6.1',
50 silly addNameRange     '2.6.2',
50 silly addNameRange     '2.7.0',
50 silly addNameRange     '2.7.1',
50 silly addNameRange     '2.7.2',
50 silly addNameRange     '2.7.3',
50 silly addNameRange     '2.7.4',
50 silly addNameRange     '2.7.5',
50 silly addNameRange     '2.7.6',
50 silly addNameRange     '2.7.7',
50 silly addNameRange     '2.7.8',
50 silly addNameRange     '2.7.9',
50 silly addNameRange     '2.7.10',
50 silly addNameRange     '2.7.11',
50 silly addNameRange     '2.8.0',
50 silly addNameRange     '2.8.1',
50 silly addNameRange     '2.8.2',
50 silly addNameRange     '2.8.3',
50 silly addNameRange     '2.8.4',
50 silly addNameRange     '2.8.5',
50 silly addNameRange     '2.8.6',
50 silly addNameRange     '2.8.7',
50 silly addNameRange     '2.8.8',
50 silly addNameRange     '2.9.0',
50 silly addNameRange     '2.9.1',
50 silly addNameRange     '2.9.2',
50 silly addNameRange     '2.10.0',
50 silly addNameRange     '2.10.1',
50 silly addNameRange     '2.11.0',
50 silly addNameRange     '2.11.1',
50 silly addNameRange     '2.11.2',
50 silly addNameRange     '2.12.0',
50 silly addNameRange     '2.13.0',
50 silly addNameRange     '2.13.1',
50 silly addNameRange     '2.14.0',
50 silly addNameRange     '2.14.1',
50 silly addNameRange     '3.0.0-rc.1',
50 silly addNameRange     '2.14.2',
50 silly addNameRange     '2.14.3',
50 silly addNameRange     '2.14.4',
50 silly addNameRange     '2.14.5',
50 silly addNameRange     '2.15.0',
50 silly addNameRange     '3.0.0-rc.2',
50 silly addNameRange     '2.16.0',
50 silly addNameRange     '2.16.1',
50 silly addNameRange     '2.16.2',
50 silly addNameRange     '2.17.0',
50 silly addNameRange     '2.17.1',
50 silly addNameRange     '2.17.2',
50 silly addNameRange     '2.17.3',
50 silly addNameRange     '2.18.0',
50 silly addNameRange     '3.0.0',
50 silly addNameRange     '2.19.0',
50 silly addNameRange     '2.19.1',
50 silly addNameRange     '2.19.2',
50 silly addNameRange     '2.19.3',
50 silly addNameRange     '2.19.4',
50 silly addNameRange     '2.19.5',
50 silly addNameRange     '2.19.6',
50 silly addNameRange     '2.20.0',
50 silly addNameRange     '2.20.1',
50 silly addNameRange     '2.20.2',
50 silly addNameRange     '3.0.1',
50 silly addNameRange     '2.21.0',
50 silly addNameRange     '2.21.1',
50 silly addNameRange     '2.22.0',
50 silly addNameRange     '2.23.0',
50 silly addNameRange     '3.0.2',
50 silly addNameRange     '2.24.0',
50 silly addNameRange     '3.1.0',
50 silly addNameRange     '2.24.1',
50 silly addNameRange     '2.24.2',
50 silly addNameRange     '2.24.3',
50 silly addNameRange     '2.25.0',
50 silly addNameRange     '2.25.1',
50 silly addNameRange     '2.25.2',
50 silly addNameRange     '2.25.3',
50 silly addNameRange     '2.25.4',
50 silly addNameRange     '3.1.1',
50 silly addNameRange     '2.25.5',
50 silly addNameRange     '2.25.6',
50 silly addNameRange     '2.25.7',
50 silly addNameRange     '2.25.8',
50 silly addNameRange     '2.25.9',
50 silly addNameRange     '2.25.10',
50 silly addNameRange     '2.26.0',
50 silly addNameRange     '3.2.0',
50 silly addNameRange     '2.26.1',
50 silly addNameRange     '2.26.2',
50 silly addNameRange     '2.26.3',
50 silly addNameRange     '2.26.4',
50 silly addNameRange     '2.26.5',
50 silly addNameRange     '2.26.6',
50 silly addNameRange     '2.27.0',
50 silly addNameRange     '3.3.0',
50 silly addNameRange     '2.27.1',
50 silly addNameRange     '3.3.1',
50 silly addNameRange     '2.27.2',
50 silly addNameRange     '3.3.2',
50 silly addNameRange     '2.27.3',
50 silly addNameRange     '3.3.3',
50 silly addNameRange     '2.27.4',
50 silly addNameRange     '2.27.5',
50 silly addNameRange     '2.27.6',
50 silly addNameRange     '2.28.0',
50 silly addNameRange     '3.3.4',
50 silly addNameRange     '2.28.1',
50 silly addNameRange     '2.28.2',
50 silly addNameRange     '2.28.3',
50 silly addNameRange     '2.29.0',
50 silly addNameRange     '2.29.1',
50 silly addNameRange     '3.3.5',
50 silly addNameRange     '2.29.2',
50 silly addNameRange     '2.30.0',
50 silly addNameRange     '3.4.0',
50 silly addNameRange     '2.30.1',
50 silly addNameRange     '2.30.2',
50 silly addNameRange     '3.4.1' ] ]
51 silly addNamed connect@2.14.5
52 verbose addNamed "2.14.5" is a plain semver version for connect
53 silly mapToRegistry name connect
54 silly mapToRegistry using default registry
55 silly mapToRegistry registry https://registry.npmjs.org/
56 silly mapToRegistry uri https://registry.npmjs.org/connect
57 verbose addRemoteTarball https://registry.npmjs.org/connect/-/connect-2.14.5.tgz not in flight; adding
58 verbose addRemoteTarball [ 'https://registry.npmjs.org/connect/-/connect-2.14.5.tgz',
58 verbose addRemoteTarball   '73217513152c152ebe049c499fa09211b8c476f4' ]
59 info retry fetch attempt 1 at 2:00:17 AM
60 info attempt registry request try #1 at 2:00:17 AM
61 http fetch GET https://registry.npmjs.org/connect/-/connect-2.14.5.tgz
62 http fetch 200 https://registry.npmjs.org/connect/-/connect-2.14.5.tgz
63 silly fetchAndShaCheck shasum 73217513152c152ebe049c499fa09211b8c476f4
64 verbose addTmpTarball /tmp/npm-18757-2c202507/registry.npmjs.org/connect/-/connect-2.14.5.tgz not in flight; adding
65 verbose addTmpTarball already have metadata; skipping unpack for connect@2.14.5
66 silly cache afterAdd connect@2.14.5
67 verbose afterAdd /home/ashish/.npm/connect/2.14.5/package/package.json not in flight; writing
68 verbose afterAdd /home/ashish/.npm/connect/2.14.5/package/package.json written
69 silly fetchNamedPackageData basic-auth-connect
70 silly mapToRegistry name basic-auth-connect
71 silly mapToRegistry using default registry
72 silly mapToRegistry registry https://registry.npmjs.org/
73 silly mapToRegistry uri https://registry.npmjs.org/basic-auth-connect
74 silly fetchNamedPackageData cookie-parser
75 silly mapToRegistry name cookie-parser
76 silly mapToRegistry using default registry
77 silly mapToRegistry registry https://registry.npmjs.org/
78 silly mapToRegistry uri https://registry.npmjs.org/cookie-parser
79 silly fetchNamedPackageData cookie-signature
80 silly mapToRegistry name cookie-signature
81 silly mapToRegistry using default registry
82 silly mapToRegistry registry https://registry.npmjs.org/
83 silly mapToRegistry uri https://registry.npmjs.org/cookie-signature
84 silly fetchNamedPackageData compression
85 silly mapToRegistry name compression
86 silly mapToRegistry using default registry
87 silly mapToRegistry registry https://registry.npmjs.org/
88 silly mapToRegistry uri https://registry.npmjs.org/compression
89 silly fetchNamedPackageData connect-timeout
90 silly mapToRegistry name connect-timeout
91 silly mapToRegistry using default registry
92 silly mapToRegistry registry https://registry.npmjs.org/
93 silly mapToRegistry uri https://registry.npmjs.org/connect-timeout
94 silly fetchNamedPackageData csurf
95 silly mapToRegistry name csurf
96 silly mapToRegistry using default registry
97 silly mapToRegistry registry https://registry.npmjs.org/
98 silly mapToRegistry uri https://registry.npmjs.org/csurf
99 silly fetchNamedPackageData errorhandler
100 silly mapToRegistry name errorhandler
101 silly mapToRegistry using default registry
102 silly mapToRegistry registry https://registry.npmjs.org/
103 silly mapToRegistry uri https://registry.npmjs.org/errorhandler
104 silly fetchNamedPackageData express-session
105 silly mapToRegistry name express-session
106 silly mapToRegistry using default registry
107 silly mapToRegistry registry https://registry.npmjs.org/
108 silly mapToRegistry uri https://registry.npmjs.org/express-session
109 silly fetchNamedPackageData fresh
110 silly mapToRegistry name fresh
111 silly mapToRegistry using default registry
112 silly mapToRegistry registry https://registry.npmjs.org/
113 silly mapToRegistry uri https://registry.npmjs.org/fresh
114 silly fetchNamedPackageData method-override
115 silly mapToRegistry name method-override
116 silly mapToRegistry using default registry
117 silly mapToRegistry registry https://registry.npmjs.org/
118 silly mapToRegistry uri https://registry.npmjs.org/method-override
119 silly fetchNamedPackageData morgan
120 silly mapToRegistry name morgan
121 silly mapToRegistry using default registry
122 silly mapToRegistry registry https://registry.npmjs.org/
123 silly mapToRegistry uri https://registry.npmjs.org/morgan
124 silly fetchNamedPackageData qs
125 silly mapToRegistry name qs
126 silly mapToRegistry using default registry
127 silly mapToRegistry registry https://registry.npmjs.org/
128 silly mapToRegistry uri https://registry.npmjs.org/qs
129 silly fetchNamedPackageData raw-body
130 silly mapToRegistry name raw-body
131 silly mapToRegistry using default registry
132 silly mapToRegistry registry https://registry.npmjs.org/
133 silly mapToRegistry uri https://registry.npmjs.org/raw-body
134 silly fetchNamedPackageData response-time
135 silly mapToRegistry name response-time
136 silly mapToRegistry using default registry
137 silly mapToRegistry registry https://registry.npmjs.org/
138 silly mapToRegistry uri https://registry.npmjs.org/response-time
139 silly fetchNamedPackageData setimmediate
140 silly mapToRegistry name setimmediate
141 silly mapToRegistry using default registry
142 silly mapToRegistry registry https://registry.npmjs.org/
143 silly mapToRegistry uri https://registry.npmjs.org/setimmediate
144 silly fetchNamedPackageData serve-index
145 silly mapToRegistry name serve-index
146 silly mapToRegistry using default registry
147 silly mapToRegistry registry https://registry.npmjs.org/
148 silly mapToRegistry uri https://registry.npmjs.org/serve-index
149 silly fetchNamedPackageData serve-static
150 silly mapToRegistry name serve-static
151 silly mapToRegistry using default registry
152 silly mapToRegistry registry https://registry.npmjs.org/
153 silly mapToRegistry uri https://registry.npmjs.org/serve-static
154 silly fetchNamedPackageData static-favicon
155 silly mapToRegistry name static-favicon
156 silly mapToRegistry using default registry
157 silly mapToRegistry registry https://registry.npmjs.org/
158 silly mapToRegistry uri https://registry.npmjs.org/static-favicon
159 silly fetchNamedPackageData vhost
160 silly mapToRegistry name vhost
161 silly mapToRegistry using default registry
162 silly mapToRegistry registry https://registry.npmjs.org/
163 silly mapToRegistry uri https://registry.npmjs.org/vhost
164 silly fetchNamedPackageData bytes
165 silly mapToRegistry name bytes
166 silly mapToRegistry using default registry
167 silly mapToRegistry registry https://registry.npmjs.org/
168 silly mapToRegistry uri https://registry.npmjs.org/bytes
169 silly fetchNamedPackageData pause
170 silly mapToRegistry name pause
171 silly mapToRegistry using default registry
172 silly mapToRegistry registry https://registry.npmjs.org/
173 silly mapToRegistry uri https://registry.npmjs.org/pause
174 silly fetchNamedPackageData debug
175 silly mapToRegistry name debug
176 silly mapToRegistry using default registry
177 silly mapToRegistry registry https://registry.npmjs.org/
178 silly mapToRegistry uri https://registry.npmjs.org/debug
179 silly fetchNamedPackageData multiparty
180 silly mapToRegistry name multiparty
181 silly mapToRegistry using default registry
182 silly mapToRegistry registry https://registry.npmjs.org/
183 silly mapToRegistry uri https://registry.npmjs.org/multiparty
184 verbose request uri https://registry.npmjs.org/basic-auth-connect
185 verbose request no auth needed
186 info attempt registry request try #1 at 2:01:49 AM
187 http request GET https://registry.npmjs.org/basic-auth-connect
188 verbose request uri https://registry.npmjs.org/cookie-parser
189 verbose request no auth needed
190 info attempt registry request try #1 at 2:01:49 AM
191 http request GET https://registry.npmjs.org/cookie-parser
192 verbose request uri https://registry.npmjs.org/compression
193 verbose request no auth needed
194 info attempt registry request try #1 at 2:01:49 AM
195 http request GET https://registry.npmjs.org/compression
196 verbose request uri https://registry.npmjs.org/connect-timeout
197 verbose request no auth needed
198 info attempt registry request try #1 at 2:01:49 AM
199 http request GET https://registry.npmjs.org/connect-timeout
200 verbose request uri https://registry.npmjs.org/csurf
201 verbose request no auth needed
202 info attempt registry request try #1 at 2:01:49 AM
203 http request GET https://registry.npmjs.org/csurf
204 verbose request uri https://registry.npmjs.org/errorhandler
205 verbose request no auth needed
206 info attempt registry request try #1 at 2:01:49 AM
207 http request GET https://registry.npmjs.org/errorhandler
208 verbose request uri https://registry.npmjs.org/express-session
209 verbose request no auth needed
210 info attempt registry request try #1 at 2:01:49 AM
211 http request GET https://registry.npmjs.org/express-session
212 verbose request uri https://registry.npmjs.org/method-override
213 verbose request no auth needed
214 info attempt registry request try #1 at 2:01:49 AM
215 http request GET https://registry.npmjs.org/method-override
216 verbose request uri https://registry.npmjs.org/morgan
217 verbose request no auth needed
218 info attempt registry request try #1 at 2:01:49 AM
219 http request GET https://registry.npmjs.org/morgan
220 verbose request uri https://registry.npmjs.org/raw-body
221 verbose request no auth needed
222 info attempt registry request try #1 at 2:01:49 AM
223 http request GET https://registry.npmjs.org/raw-body
224 verbose request uri https://registry.npmjs.org/response-time
225 verbose request no auth needed
226 info attempt registry request try #1 at 2:01:49 AM
227 http request GET https://registry.npmjs.org/response-time
228 verbose request uri https://registry.npmjs.org/setimmediate
229 verbose request no auth needed
230 info attempt registry request try #1 at 2:01:49 AM
231 http request GET https://registry.npmjs.org/setimmediate
232 verbose request uri https://registry.npmjs.org/serve-index
233 verbose request no auth needed
234 info attempt registry request try #1 at 2:01:49 AM
235 http request GET https://registry.npmjs.org/serve-index
236 verbose request uri https://registry.npmjs.org/static-favicon
237 verbose request no auth needed
238 info attempt registry request try #1 at 2:01:49 AM
239 http request GET https://registry.npmjs.org/static-favicon
240 verbose request uri https://registry.npmjs.org/vhost
241 verbose request no auth needed
242 info attempt registry request try #1 at 2:01:49 AM
243 http request GET https://registry.npmjs.org/vhost
244 verbose request uri https://registry.npmjs.org/bytes
245 verbose request no auth needed
246 info attempt registry request try #1 at 2:01:49 AM
247 http request GET https://registry.npmjs.org/bytes
248 verbose request uri https://registry.npmjs.org/pause
249 verbose request no auth needed
250 info attempt registry request try #1 at 2:01:49 AM
251 http request GET https://registry.npmjs.org/pause
252 verbose request uri https://registry.npmjs.org/multiparty
253 verbose request no auth needed
254 info attempt registry request try #1 at 2:01:49 AM
255 http request GET https://registry.npmjs.org/multiparty
256 http 200 https://registry.npmjs.org/basic-auth-connect
257 verbose headers { server: 'CouchDB/1.5.0 (Erlang OTP/R16B03)',
257 verbose headers   etag: '"9QOPR6CT15FM73AVYSC7481YX"',
257 verbose headers   'content-type': 'application/json',
257 verbose headers   'content-encoding': 'gzip',
257 verbose headers   'cache-control': 'max-age=300',
257 verbose headers   'content-length': '1868',
257 verbose headers   'accept-ranges': 'bytes',
257 verbose headers   date: 'Thu, 25 Aug 2016 20:32:27 GMT',
257 verbose headers   via: '1.1 varnish',
257 verbose headers   age: '107',
257 verbose headers   connection: 'keep-alive',
257 verbose headers   'x-served-by': 'cache-sin6920-SIN',
257 verbose headers   'x-cache': 'HIT',
257 verbose headers   'x-cache-hits': '1',
257 verbose headers   'x-timer': 'S1472157147.625062,VS0,VE0',
257 verbose headers   vary: 'Accept-Encoding' }
258 silly get cb [ 200,
258 silly get   { server: 'CouchDB/1.5.0 (Erlang OTP/R16B03)',
258 silly get     etag: '"9QOPR6CT15FM73AVYSC7481YX"',
258 silly get     'content-type': 'application/json',
258 silly get     'content-encoding': 'gzip',
258 silly get     'cache-control': 'max-age=300',
258 silly get     'content-length': '1868',
258 silly get     'accept-ranges': 'bytes',
258 silly get     date: 'Thu, 25 Aug 2016 20:32:27 GMT',
258 silly get     via: '1.1 varnish',
258 silly get     age: '107',
258 silly get     connection: 'keep-alive',
258 silly get     'x-served-by': 'cache-sin6920-SIN',
258 silly get     'x-cache': 'HIT',
258 silly get     'x-cache-hits': '1',
258 silly get     'x-timer': 'S1472157147.625062,VS0,VE0',
258 silly get     vary: 'Accept-Encoding' } ]
259 verbose get saving basic-auth-connect to /home/ashish/.npm/registry.npmjs.org/basic-auth-connect/.cache.json
260 verbose request uri https://registry.npmjs.org/cookie-signature
261 verbose request no auth needed
262 info attempt registry request try #1 at 2:02:12 AM
263 verbose etag "ET4AGD5PK81O068I8EGRAY4I7"
264 http request GET https://registry.npmjs.org/cookie-signature
265 verbose request uri https://registry.npmjs.org/fresh
266 verbose request no auth needed
267 info attempt registry request try #1 at 2:02:12 AM
268 verbose etag "275FBQ7DYYZ88WZ6SWZ0PBCR1"
269 http request GET https://registry.npmjs.org/fresh
270 verbose request uri https://registry.npmjs.org/qs
271 verbose request no auth needed
272 info attempt registry request try #1 at 2:02:12 AM
273 verbose etag "8UH6IO2E1UQ1THX6E99GTAZ4J"
274 http request GET https://registry.npmjs.org/qs
275 verbose request uri https://registry.npmjs.org/serve-static
276 verbose request no auth needed
277 info attempt registry request try #1 at 2:02:12 AM
278 verbose etag "1CYAHWXJB64DWG2TFMNPQ1AG"
279 http request GET https://registry.npmjs.org/serve-static
280 verbose request uri https://registry.npmjs.org/debug
281 verbose request no auth needed
282 info attempt registry request try #1 at 2:02:15 AM
283 verbose etag "EUHV95SXXI9FCUR34OFU4VM8G"
284 http request GET https://registry.npmjs.org/debug
285 silly resolveWithNewModule basic-auth-connect@1.0.0 checking installable status
286 silly cache add args [ 'basic-auth-connect@1.0.0', null ]
287 verbose cache add spec basic-auth-connect@1.0.0
288 silly cache add parsed spec Result {
288 silly cache add   raw: 'basic-auth-connect@1.0.0',
288 silly cache add   scope: null,
288 silly cache add   name: 'basic-auth-connect',
288 silly cache add   rawSpec: '1.0.0',
288 silly cache add   spec: '1.0.0',
288 silly cache add   type: 'version' }
289 silly addNamed basic-auth-connect@1.0.0
290 verbose addNamed "1.0.0" is a plain semver version for basic-auth-connect
291 silly mapToRegistry name basic-auth-connect
292 silly mapToRegistry using default registry
293 silly mapToRegistry registry https://registry.npmjs.org/
294 silly mapToRegistry uri https://registry.npmjs.org/basic-auth-connect
295 verbose addNameVersion registry:https://registry.npmjs.org/basic-auth-connect not in flight; fetching
296 verbose get https://registry.npmjs.org/basic-auth-connect not expired, no request
297 silly mapToRegistry name basic-auth-connect
298 silly mapToRegistry using default registry
299 silly mapToRegistry registry https://registry.npmjs.org/
300 silly mapToRegistry uri https://registry.npmjs.org/basic-auth-connect
301 verbose addRemoteTarball https://registry.npmjs.org/basic-auth-connect/-/basic-auth-connect-1.0.0.tgz not in flight; adding
302 verbose addRemoteTarball [ 'https://registry.npmjs.org/basic-auth-connect/-/basic-auth-connect-1.0.0.tgz',
302 verbose addRemoteTarball   'fdb0b43962ca7b40456a7c2bb48fe173da2d2122' ]
303 info retry fetch attempt 1 at 2:02:17 AM
304 info attempt registry request try #1 at 2:02:17 AM
305 http fetch GET https://registry.npmjs.org/basic-auth-connect/-/basic-auth-connect-1.0.0.tgz
306 http 200 https://registry.npmjs.org/cookie-parser
307 verbose headers { server: 'CouchDB/1.6.1 (Erlang OTP/R16B03)',
307 verbose headers   etag: '"NWCF7ZVWKLY7DT3ENKGM5PB9"',
307 verbose headers   'content-type': 'application/json',
307 verbose headers   'content-encoding': 'gzip',
307 verbose headers   'cache-control': 'max-age=300',
307 verbose headers   'content-length': '5088',
307 verbose headers   'accept-ranges': 'bytes',
307 verbose headers   date: 'Thu, 25 Aug 2016 20:32:28 GMT',
307 verbose headers   via: '1.1 varnish',
307 verbose headers   age: '236',
307 verbose headers   connection: 'keep-alive',
307 verbose headers   'x-served-by': 'cache-sin6920-SIN',
307 verbose headers   'x-cache': 'HIT',
307 verbose headers   'x-cache-hits': '1',
307 verbose headers   'x-timer': 'S1472157148.269909,VS0,VE0',
307 verbose headers   vary: 'Accept-Encoding' }
308 silly get cb [ 200,
308 silly get   { server: 'CouchDB/1.6.1 (Erlang OTP/R16B03)',
308 silly get     etag: '"NWCF7ZVWKLY7DT3ENKGM5PB9"',
308 silly get     'content-type': 'application/json',
308 silly get     'content-encoding': 'gzip',
308 silly get     'cache-control': 'max-age=300',
308 silly get     'content-length': '5088',
308 silly get     'accept-ranges': 'bytes',
308 silly get     date: 'Thu, 25 Aug 2016 20:32:28 GMT',
308 silly get     via: '1.1 varnish',
308 silly get     age: '236',
308 silly get     connection: 'keep-alive',
308 silly get     'x-served-by': 'cache-sin6920-SIN',
308 silly get     'x-cache': 'HIT',
308 silly get     'x-cache-hits': '1',
308 silly get     'x-timer': 'S1472157148.269909,VS0,VE0',
308 silly get     vary: 'Accept-Encoding' } ]
309 verbose get saving cookie-parser to /home/ashish/.npm/registry.npmjs.org/cookie-parser/.cache.json
310 silly resolveWithNewModule cookie-parser@1.0.1 checking installable status
311 silly cache add args [ 'cookie-parser@1.0.1', null ]
312 verbose cache add spec cookie-parser@1.0.1
313 silly cache add parsed spec Result {
313 silly cache add   raw: 'cookie-parser@1.0.1',
313 silly cache add   scope: null,
313 silly cache add   name: 'cookie-parser',
313 silly cache add   rawSpec: '1.0.1',
313 silly cache add   spec: '1.0.1',
313 silly cache add   type: 'version' }
314 silly addNamed cookie-parser@1.0.1
315 verbose addNamed "1.0.1" is a plain semver version for cookie-parser
316 silly mapToRegistry name cookie-parser
317 silly mapToRegistry using default registry
318 silly mapToRegistry registry https://registry.npmjs.org/
319 silly mapToRegistry uri https://registry.npmjs.org/cookie-parser
320 verbose addNameVersion registry:https://registry.npmjs.org/cookie-parser not in flight; fetching
321 verbose get https://registry.npmjs.org/cookie-parser not expired, no request
322 silly mapToRegistry name cookie-parser
323 silly mapToRegistry using default registry
324 silly mapToRegistry registry https://registry.npmjs.org/
325 silly mapToRegistry uri https://registry.npmjs.org/cookie-parser
326 verbose addRemoteTarball https://registry.npmjs.org/cookie-parser/-/cookie-parser-1.0.1.tgz not in flight; adding
327 verbose addRemoteTarball [ 'https://registry.npmjs.org/cookie-parser/-/cookie-parser-1.0.1.tgz',
327 verbose addRemoteTarball   '17bd622c9717cd0858a912a9fef4c0362360a7b0' ]
328 info retry fetch attempt 1 at 2:02:20 AM
329 info attempt registry request try #1 at 2:02:20 AM
330 http fetch GET https://registry.npmjs.org/cookie-parser/-/cookie-parser-1.0.1.tgz
331 http 200 https://registry.npmjs.org/compression
332 verbose headers { server: 'CouchDB/1.6.1 (Erlang OTP/R16B03)',
332 verbose headers   etag: '"CENO8EDNCS8ZJ6RNV8SI6CE3V"',
332 verbose headers   'content-type': 'application/json',
332 verbose headers   'content-encoding': 'gzip',
332 verbose headers   'cache-control': 'max-age=300',
332 verbose headers   'content-length': '9962',
332 verbose headers   'accept-ranges': 'bytes',
332 verbose headers   date: 'Thu, 25 Aug 2016 20:32:30 GMT',
332 verbose headers   via: '1.1 varnish',
332 verbose headers   age: '50',
332 verbose headers   connection: 'keep-alive',
332 verbose headers   'x-served-by': 'cache-sin6927-SIN',
332 verbose headers   'x-cache': 'HIT',
332 verbose headers   'x-cache-hits': '1',
332 verbose headers   'x-timer': 'S1472157150.366573,VS0,VE0',
332 verbose headers   vary: 'Accept-Encoding' }
333 silly get cb [ 200,
333 silly get   { server: 'CouchDB/1.6.1 (Erlang OTP/R16B03)',
333 silly get     etag: '"CENO8EDNCS8ZJ6RNV8SI6CE3V"',
333 silly get     'content-type': 'application/json',
333 silly get     'content-encoding': 'gzip',
333 silly get     'cache-control': 'max-age=300',
333 silly get     'content-length': '9962',
333 silly get     'accept-ranges': 'bytes',
333 silly get     date: 'Thu, 25 Aug 2016 20:32:30 GMT',
333 silly get     via: '1.1 varnish',
333 silly get     age: '50',
333 silly get     connection: 'keep-alive',
333 silly get     'x-served-by': 'cache-sin6927-SIN',
333 silly get     'x-cache': 'HIT',
333 silly get     'x-cache-hits': '1',
333 silly get     'x-timer': 'S1472157150.366573,VS0,VE0',
333 silly get     vary: 'Accept-Encoding' } ]
334 verbose get saving compression to /home/ashish/.npm/registry.npmjs.org/compression/.cache.json
335 silly resolveWithNewModule compression@1.0.0 checking installable status
336 silly cache add args [ 'compression@1.0.0', null ]
337 verbose cache add spec compression@1.0.0
338 silly cache add parsed spec Result {
338 silly cache add   raw: 'compression@1.0.0',
338 silly cache add   scope: null,
338 silly cache add   name: 'compression',
338 silly cache add   rawSpec: '1.0.0',
338 silly cache add   spec: '1.0.0',
338 silly cache add   type: 'version' }
339 silly addNamed compression@1.0.0
340 verbose addNamed "1.0.0" is a plain semver version for compression
341 silly mapToRegistry name compression
342 silly mapToRegistry using default registry
343 silly mapToRegistry registry https://registry.npmjs.org/
344 silly mapToRegistry uri https://registry.npmjs.org/compression
345 verbose addNameVersion registry:https://registry.npmjs.org/compression not in flight; fetching
346 verbose get https://registry.npmjs.org/compression not expired, no request
347 silly mapToRegistry name compression
348 silly mapToRegistry using default registry
349 silly mapToRegistry registry https://registry.npmjs.org/
350 silly mapToRegistry uri https://registry.npmjs.org/compression
351 verbose addRemoteTarball https://registry.npmjs.org/compression/-/compression-1.0.0.tgz not in flight; adding
352 verbose addRemoteTarball [ 'https://registry.npmjs.org/compression/-/compression-1.0.0.tgz',
352 verbose addRemoteTarball   '8aeb85d48db5145d38bc8b181b6352d8eab26020' ]
353 info retry fetch attempt 1 at 2:02:41 AM
354 info attempt registry request try #1 at 2:02:41 AM
355 http fetch GET https://registry.npmjs.org/compression/-/compression-1.0.0.tgz
356 http 200 https://registry.npmjs.org/method-override
357 verbose headers { server: 'CouchDB/1.6.1 (Erlang OTP/R16B03)',
357 verbose headers   etag: '"4ZWE8NIXYRG528N81V4CW4D8K"',
357 verbose headers   'content-type': 'application/json',
357 verbose headers   'content-encoding': 'gzip',
357 verbose headers   'cache-control': 'max-age=300',
357 verbose headers   'content-length': '6662',
357 verbose headers   'accept-ranges': 'bytes',
357 verbose headers   date: 'Thu, 25 Aug 2016 20:32:37 GMT',
357 verbose headers   via: '1.1 varnish',
357 verbose headers   age: '237',
357 verbose headers   connection: 'keep-alive',
357 verbose headers   'x-served-by': 'cache-sin6924-SIN',
357 verbose headers   'x-cache': 'HIT',
357 verbose headers   'x-cache-hits': '1',
357 verbose headers   'x-timer': 'S1472157157.890144,VS0,VE0',
357 verbose headers   vary: 'Accept-Encoding' }
358 silly get cb [ 200,
358 silly get   { server: 'CouchDB/1.6.1 (Erlang OTP/R16B03)',
358 silly get     etag: '"4ZWE8NIXYRG528N81V4CW4D8K"',
358 silly get     'content-type': 'application/json',
358 silly get     'content-encoding': 'gzip',
358 silly get     'cache-control': 'max-age=300',
358 silly get     'content-length': '6662',
358 silly get     'accept-ranges': 'bytes',
358 silly get     date: 'Thu, 25 Aug 2016 20:32:37 GMT',
358 silly get     via: '1.1 varnish',
358 silly get     age: '237',
358 silly get     connection: 'keep-alive',
358 silly get     'x-served-by': 'cache-sin6924-SIN',
358 silly get     'x-cache': 'HIT',
358 silly get     'x-cache-hits': '1',
358 silly get     'x-timer': 'S1472157157.890144,VS0,VE0',
358 silly get     vary: 'Accept-Encoding' } ]
359 verbose get saving method-override to /home/ashish/.npm/registry.npmjs.org/method-override/.cache.json
360 silly resolveWithNewModule method-override@1.0.0 checking installable status
361 silly cache add args [ 'method-override@1.0.0', null ]
362 verbose cache add spec method-override@1.0.0
363 silly cache add parsed spec Result {
363 silly cache add   raw: 'method-override@1.0.0',
363 silly cache add   scope: null,
363 silly cache add   name: 'method-override',
363 silly cache add   rawSpec: '1.0.0',
363 silly cache add   spec: '1.0.0',
363 silly cache add   type: 'version' }
364 silly addNamed method-override@1.0.0
365 verbose addNamed "1.0.0" is a plain semver version for method-override
366 silly mapToRegistry name method-override
367 silly mapToRegistry using default registry
368 silly mapToRegistry registry https://registry.npmjs.org/
369 silly mapToRegistry uri https://registry.npmjs.org/method-override
370 verbose addNameVersion registry:https://registry.npmjs.org/method-override not in flight; fetching
371 verbose get https://registry.npmjs.org/method-override not expired, no request
372 silly mapToRegistry name method-override
373 silly mapToRegistry using default registry
374 silly mapToRegistry registry https://registry.npmjs.org/
375 silly mapToRegistry uri https://registry.npmjs.org/method-override
376 verbose addRemoteTarball https://registry.npmjs.org/method-override/-/method-override-1.0.0.tgz not in flight; adding
377 verbose addRemoteTarball [ 'https://registry.npmjs.org/method-override/-/method-override-1.0.0.tgz',
377 verbose addRemoteTarball   '9e5bfbd80f3b9e043801dd3fe60bbab0f15b5f61' ]
378 http 200 https://registry.npmjs.org/connect-timeout
379 verbose headers { server: 'CouchDB/1.6.1 (Erlang OTP/R16B03)',
379 verbose headers   etag: '"85S5S9PA4XYEJLNZQ43J7MA58"',
379 verbose headers   'content-type': 'application/json',
379 verbose headers   'content-encoding': 'gzip',
379 verbose headers   'cache-control': 'max-age=300',
379 verbose headers   'content-length': '5236',
379 verbose headers   'accept-ranges': 'bytes',
379 verbose headers   date: 'Thu, 25 Aug 2016 20:32:29 GMT',
379 verbose headers   via: '1.1 varnish',
379 verbose headers   age: '238',
379 verbose headers   connection: 'keep-alive',
379 verbose headers   'x-served-by': 'cache-sin6921-SIN',
379 verbose headers   'x-cache': 'HIT',
379 verbose headers   'x-cache-hits': '1',
379 verbose headers   'x-timer': 'S1472157149.147118,VS0,VE0',
379 verbose headers   vary: 'Accept-Encoding' }
380 silly get cb [ 200,
380 silly get   { server: 'CouchDB/1.6.1 (Erlang OTP/R16B03)',
380 silly get     etag: '"85S5S9PA4XYEJLNZQ43J7MA58"',
380 silly get     'content-type': 'application/json',
380 silly get     'content-encoding': 'gzip',
380 silly get     'cache-control': 'max-age=300',
380 silly get     'content-length': '5236',
380 silly get     'accept-ranges': 'bytes',
380 silly get     date: 'Thu, 25 Aug 2016 20:32:29 GMT',
380 silly get     via: '1.1 varnish',
380 silly get     age: '238',
380 silly get     connection: 'keep-alive',
380 silly get     'x-served-by': 'cache-sin6921-SIN',
380 silly get     'x-cache': 'HIT',
380 silly get     'x-cache-hits': '1',
380 silly get     'x-timer': 'S1472157149.147118,VS0,VE0',
380 silly get     vary: 'Accept-Encoding' } ]
381 verbose get saving connect-timeout to /home/ashish/.npm/registry.npmjs.org/connect-timeout/.cache.json
382 info retry fetch attempt 1 at 2:02:41 AM
383 info attempt registry request try #1 at 2:02:41 AM
384 http fetch GET https://registry.npmjs.org/method-override/-/method-override-1.0.0.tgz
385 silly resolveWithNewModule connect-timeout@1.0.0 checking installable status
386 silly cache add args [ 'connect-timeout@1.0.0', null ]
387 verbose cache add spec connect-timeout@1.0.0
388 silly cache add parsed spec Result {
388 silly cache add   raw: 'connect-timeout@1.0.0',
388 silly cache add   scope: null,
388 silly cache add   name: 'connect-timeout',
388 silly cache add   rawSpec: '1.0.0',
388 silly cache add   spec: '1.0.0',
388 silly cache add   type: 'version' }
389 silly addNamed connect-timeout@1.0.0
390 verbose addNamed "1.0.0" is a plain semver version for connect-timeout
391 silly mapToRegistry name connect-timeout
392 silly mapToRegistry using default registry
393 silly mapToRegistry registry https://registry.npmjs.org/
394 silly mapToRegistry uri https://registry.npmjs.org/connect-timeout
395 verbose addNameVersion registry:https://registry.npmjs.org/connect-timeout not in flight; fetching
396 verbose get https://registry.npmjs.org/connect-timeout not expired, no request
397 silly mapToRegistry name connect-timeout
398 silly mapToRegistry using default registry
399 silly mapToRegistry registry https://registry.npmjs.org/
400 silly mapToRegistry uri https://registry.npmjs.org/connect-timeout
401 verbose addRemoteTarball https://registry.npmjs.org/connect-timeout/-/connect-timeout-1.0.0.tgz not in flight; adding
402 verbose addRemoteTarball [ 'https://registry.npmjs.org/connect-timeout/-/connect-timeout-1.0.0.tgz',
402 verbose addRemoteTarball   '12054799f90bb9566f8b274efe7842d6465d10bb' ]
403 info retry fetch attempt 1 at 2:02:41 AM
404 info attempt registry request try #1 at 2:02:41 AM
405 http fetch GET https://registry.npmjs.org/connect-timeout/-/connect-timeout-1.0.0.tgz
406 http 200 https://registry.npmjs.org/csurf
407 verbose headers { server: 'CouchDB/1.5.0 (Erlang OTP/R16B03)',
407 verbose headers   etag: '"EX1G4IN1LH8U4ZYQ6LCPUHEHI"',
407 verbose headers   'content-type': 'application/json',
407 verbose headers   'content-encoding': 'gzip',
407 verbose headers   'cache-control': 'max-age=300',
407 verbose headers   'content-length': '8779',
407 verbose headers   'accept-ranges': 'bytes',
407 verbose headers   date: 'Thu, 25 Aug 2016 20:32:35 GMT',
407 verbose headers   via: '1.1 varnish',
407 verbose headers   age: '244',
407 verbose headers   connection: 'keep-alive',
407 verbose headers   'x-served-by': 'cache-sin6922-SIN',
407 verbose headers   'x-cache': 'HIT',
407 verbose headers   'x-cache-hits': '3',
407 verbose headers   'x-timer': 'S1472157155.534510,VS0,VE0',
407 verbose headers   vary: 'Accept-Encoding' }
408 silly get cb [ 200,
408 silly get   { server: 'CouchDB/1.5.0 (Erlang OTP/R16B03)',
408 silly get     etag: '"EX1G4IN1LH8U4ZYQ6LCPUHEHI"',
408 silly get     'content-type': 'application/json',
408 silly get     'content-encoding': 'gzip',
408 silly get     'cache-control': 'max-age=300',
408 silly get     'content-length': '8779',
408 silly get     'accept-ranges': 'bytes',
408 silly get     date: 'Thu, 25 Aug 2016 20:32:35 GMT',
408 silly get     via: '1.1 varnish',
408 silly get     age: '244',
408 silly get     connection: 'keep-alive',
408 silly get     'x-served-by': 'cache-sin6922-SIN',
408 silly get     'x-cache': 'HIT',
408 silly get     'x-cache-hits': '3',
408 silly get     'x-timer': 'S1472157155.534510,VS0,VE0',
408 silly get     vary: 'Accept-Encoding' } ]
409 verbose get saving csurf to /home/ashish/.npm/registry.npmjs.org/csurf/.cache.json
410 silly resolveWithNewModule csurf@1.1.0 checking installable status
411 silly cache add args [ 'csurf@1.1.0', null ]
412 verbose cache add spec csurf@1.1.0
413 silly cache add parsed spec Result {
413 silly cache add   raw: 'csurf@1.1.0',
413 silly cache add   scope: null,
413 silly cache add   name: 'csurf',
413 silly cache add   rawSpec: '1.1.0',
413 silly cache add   spec: '1.1.0',
413 silly cache add   type: 'version' }
414 silly addNamed csurf@1.1.0
415 verbose addNamed "1.1.0" is a plain semver version for csurf
416 silly mapToRegistry name csurf
417 silly mapToRegistry using default registry
418 silly mapToRegistry registry https://registry.npmjs.org/
419 silly mapToRegistry uri https://registry.npmjs.org/csurf
420 verbose addNameVersion registry:https://registry.npmjs.org/csurf not in flight; fetching
421 verbose get https://registry.npmjs.org/csurf not expired, no request
422 silly mapToRegistry name csurf
423 silly mapToRegistry using default registry
424 silly mapToRegistry registry https://registry.npmjs.org/
425 silly mapToRegistry uri https://registry.npmjs.org/csurf
426 verbose addRemoteTarball https://registry.npmjs.org/csurf/-/csurf-1.1.0.tgz not in flight; adding
427 verbose addRemoteTarball [ 'https://registry.npmjs.org/csurf/-/csurf-1.1.0.tgz',
427 verbose addRemoteTarball   '5dd459df40df43b9eb828284d6d03132f42cb8b2' ]
428 info retry fetch attempt 1 at 2:02:52 AM
429 info attempt registry request try #1 at 2:02:52 AM
430 http fetch GET https://registry.npmjs.org/csurf/-/csurf-1.1.0.tgz
431 info retry will retry, error on last attempt: Error: getaddrinfo EAI_AGAIN registry.npmjs.org:443
432 info retry will retry, error on last attempt: Error: getaddrinfo EAI_AGAIN registry.npmjs.org:443
433 info retry will retry, error on last attempt: Error: getaddrinfo EAI_AGAIN registry.npmjs.org:443
434 http 200 https://registry.npmjs.org/response-time
435 verbose headers { server: 'CouchDB/1.5.0 (Erlang OTP/R16B03)',
435 verbose headers   etag: '"1XU9U4DORQHYC81033JPU1S0U"',
435 verbose headers   'content-type': 'application/json',
435 verbose headers   'content-encoding': 'gzip',
435 verbose headers   'cache-control': 'max-age=300',
435 verbose headers   'content-length': '3635',
435 verbose headers   'accept-ranges': 'bytes',
435 verbose headers   date: 'Thu, 25 Aug 2016 20:32:47 GMT',
435 verbose headers   via: '1.1 varnish',
435 verbose headers   age: '247',
435 verbose headers   connection: 'keep-alive',
435 verbose headers   'x-served-by': 'cache-sin6926-SIN',
435 verbose headers   'x-cache': 'HIT',
435 verbose headers   'x-cache-hits': '12',
435 verbose headers   'x-timer': 'S1472157167.683512,VS0,VE0',
435 verbose headers   vary: 'Accept-Encoding' }
436 silly get cb [ 200,
436 silly get   { server: 'CouchDB/1.5.0 (Erlang OTP/R16B03)',
436 silly get     etag: '"1XU9U4DORQHYC81033JPU1S0U"',
436 silly get     'content-type': 'application/json',
436 silly get     'content-encoding': 'gzip',
436 silly get     'cache-control': 'max-age=300',
436 silly get     'content-length': '3635',
436 silly get     'accept-ranges': 'bytes',
436 silly get     date: 'Thu, 25 Aug 2016 20:32:47 GMT',
436 silly get     via: '1.1 varnish',
436 silly get     age: '247',
436 silly get     connection: 'keep-alive',
436 silly get     'x-served-by': 'cache-sin6926-SIN',
436 silly get     'x-cache': 'HIT',
436 silly get     'x-cache-hits': '12',
436 silly get     'x-timer': 'S1472157167.683512,VS0,VE0',
436 silly get     vary: 'Accept-Encoding' } ]
437 verbose get saving response-time to /home/ashish/.npm/registry.npmjs.org/response-time/.cache.json
438 silly resolveWithNewModule response-time@1.0.0 checking installable status
439 silly cache add args [ 'response-time@1.0.0', null ]
440 verbose cache add spec response-time@1.0.0
441 silly cache add parsed spec Result {
441 silly cache add   raw: 'response-time@1.0.0',
441 silly cache add   scope: null,
441 silly cache add   name: 'response-time',
441 silly cache add   rawSpec: '1.0.0',
441 silly cache add   spec: '1.0.0',
441 silly cache add   type: 'version' }
442 silly addNamed response-time@1.0.0
443 verbose addNamed "1.0.0" is a plain semver version for response-time
444 silly mapToRegistry name response-time
445 silly mapToRegistry using default registry
446 silly mapToRegistry registry https://registry.npmjs.org/
447 silly mapToRegistry uri https://registry.npmjs.org/response-time
448 verbose addNameVersion registry:https://registry.npmjs.org/response-time not in flight; fetching
449 verbose get https://registry.npmjs.org/response-time not expired, no request
450 silly mapToRegistry name response-time
451 silly mapToRegistry using default registry
452 silly mapToRegistry registry https://registry.npmjs.org/
453 silly mapToRegistry uri https://registry.npmjs.org/response-time
454 verbose addRemoteTarball https://registry.npmjs.org/response-time/-/response-time-1.0.0.tgz not in flight; adding
455 verbose addRemoteTarball [ 'https://registry.npmjs.org/response-time/-/response-time-1.0.0.tgz',
455 verbose addRemoteTarball   'c2bc8d08f3c359f97eae1d6da86eead175fabdc9' ]
456 info retry fetch attempt 1 at 2:03:05 AM
457 info attempt registry request try #1 at 2:03:05 AM
458 http fetch GET https://registry.npmjs.org/response-time/-/response-time-1.0.0.tgz
459 http 200 https://registry.npmjs.org/raw-body
460 verbose headers { server: 'CouchDB/1.5.0 (Erlang OTP/R16B03)',
460 verbose headers   etag: '"EAKGFN1HL1G9NY1RBLH4FGY2L"',
460 verbose headers   'content-type': 'application/json',
460 verbose headers   'content-encoding': 'gzip',
460 verbose headers   'cache-control': 'max-age=300',
460 verbose headers   'content-length': '7593',
460 verbose headers   'accept-ranges': 'bytes',
460 verbose headers   date: 'Thu, 25 Aug 2016 20:32:47 GMT',
460 verbose headers   via: '1.1 varnish',
460 verbose headers   age: '149',
460 verbose headers   connection: 'keep-alive',
460 verbose headers   'x-served-by': 'cache-sin6923-SIN',
460 verbose headers   'x-cache': 'HIT',
460 verbose headers   'x-cache-hits': '1',
460 verbose headers   'x-timer': 'S1472157167.912975,VS0,VE0',
460 verbose headers   vary: 'Accept-Encoding' }
461 silly get cb [ 200,
461 silly get   { server: 'CouchDB/1.5.0 (Erlang OTP/R16B03)',
461 silly get     etag: '"EAKGFN1HL1G9NY1RBLH4FGY2L"',
461 silly get     'content-type': 'application/json',
461 silly get     'content-encoding': 'gzip',
461 silly get     'cache-control': 'max-age=300',
461 silly get     'content-length': '7593',
461 silly get     'accept-ranges': 'bytes',
461 silly get     date: 'Thu, 25 Aug 2016 20:32:47 GMT',
461 silly get     via: '1.1 varnish',
461 silly get     age: '149',
461 silly get     connection: 'keep-alive',
461 silly get     'x-served-by': 'cache-sin6923-SIN',
461 silly get     'x-cache': 'HIT',
461 silly get     'x-cache-hits': '1',
461 silly get     'x-timer': 'S1472157167.912975,VS0,VE0',
461 silly get     vary: 'Accept-Encoding' } ]
462 verbose get saving raw-body to /home/ashish/.npm/registry.npmjs.org/raw-body/.cache.json
463 silly resolveWithNewModule raw-body@1.1.4 checking installable status
464 silly cache add args [ 'raw-body@1.1.4', null ]
465 verbose cache add spec raw-body@1.1.4
466 silly cache add parsed spec Result {
466 silly cache add   raw: 'raw-body@1.1.4',
466 silly cache add   scope: null,
466 silly cache add   name: 'raw-body',
466 silly cache add   rawSpec: '1.1.4',
466 silly cache add   spec: '1.1.4',
466 silly cache add   type: 'version' }
467 silly addNamed raw-body@1.1.4
468 verbose addNamed "1.1.4" is a plain semver version for raw-body
469 silly mapToRegistry name raw-body
470 silly mapToRegistry using default registry
471 silly mapToRegistry registry https://registry.npmjs.org/
472 silly mapToRegistry uri https://registry.npmjs.org/raw-body
473 verbose addNameVersion registry:https://registry.npmjs.org/raw-body not in flight; fetching
474 verbose get https://registry.npmjs.org/raw-body not expired, no request
475 silly mapToRegistry name raw-body
476 silly mapToRegistry using default registry
477 silly mapToRegistry registry https://registry.npmjs.org/
478 silly mapToRegistry uri https://registry.npmjs.org/raw-body
479 verbose addRemoteTarball https://registry.npmjs.org/raw-body/-/raw-body-1.1.4.tgz not in flight; adding
480 verbose addRemoteTarball [ 'https://registry.npmjs.org/raw-body/-/raw-body-1.1.4.tgz',
480 verbose addRemoteTarball   'f0b5624388d031f63da07f870c86cb9ccadcb67d' ]
481 info retry fetch attempt 1 at 2:03:06 AM
482 info attempt registry request try #1 at 2:03:06 AM
483 http fetch GET https://registry.npmjs.org/raw-body/-/raw-body-1.1.4.tgz
484 http 200 https://registry.npmjs.org/static-favicon
485 verbose headers { server: 'CouchDB/1.6.1 (Erlang OTP/R16B03)',
485 verbose headers   etag: '"8C9DEZ32GKR0JFJJ1KUA2WFJX"',
485 verbose headers   'content-type': 'application/json',
485 verbose headers   'content-encoding': 'gzip',
485 verbose headers   'cache-control': 'max-age=300',
485 verbose headers   'content-length': '1173',
485 verbose headers   'accept-ranges': 'bytes',
485 verbose headers   date: 'Thu, 25 Aug 2016 20:33:09 GMT',
485 verbose headers   via: '1.1 varnish',
485 verbose headers   age: '0',
485 verbose headers   connection: 'keep-alive',
485 verbose headers   'x-served-by': 'cache-sin6921-SIN',
485 verbose headers   'x-cache': 'MISS',
485 verbose headers   'x-cache-hits': '0',
485 verbose headers   'x-timer': 'S1472157188.968851,VS0,VE275',
485 verbose headers   vary: 'Accept-Encoding' }
486 silly get cb [ 200,
486 silly get   { server: 'CouchDB/1.6.1 (Erlang OTP/R16B03)',
486 silly get     etag: '"8C9DEZ32GKR0JFJJ1KUA2WFJX"',
486 silly get     'content-type': 'application/json',
486 silly get     'content-encoding': 'gzip',
486 silly get     'cache-control': 'max-age=300',
486 silly get     'content-length': '1173',
486 silly get     'accept-ranges': 'bytes',
486 silly get     date: 'Thu, 25 Aug 2016 20:33:09 GMT',
486 silly get     via: '1.1 varnish',
486 silly get     age: '0',
486 silly get     connection: 'keep-alive',
486 silly get     'x-served-by': 'cache-sin6921-SIN',
486 silly get     'x-cache': 'MISS',
486 silly get     'x-cache-hits': '0',
486 silly get     'x-timer': 'S1472157188.968851,VS0,VE275',
486 silly get     vary: 'Accept-Encoding' } ]
487 verbose get saving static-favicon to /home/ashish/.npm/registry.npmjs.org/static-favicon/.cache.json
488 silly resolveWithNewModule static-favicon@1.0.2 checking installable status
489 silly cache add args [ 'static-favicon@1.0.2', null ]
490 verbose cache add spec static-favicon@1.0.2
491 silly cache add parsed spec Result {
491 silly cache add   raw: 'static-favicon@1.0.2',
491 silly cache add   scope: null,
491 silly cache add   name: 'static-favicon',
491 silly cache add   rawSpec: '1.0.2',
491 silly cache add   spec: '1.0.2',
491 silly cache add   type: 'version' }
492 silly addNamed static-favicon@1.0.2
493 verbose addNamed "1.0.2" is a plain semver version for static-favicon
494 silly mapToRegistry name static-favicon
495 silly mapToRegistry using default registry
496 silly mapToRegistry registry https://registry.npmjs.org/
497 silly mapToRegistry uri https://registry.npmjs.org/static-favicon
498 verbose addNameVersion registry:https://registry.npmjs.org/static-favicon not in flight; fetching
499 verbose get https://registry.npmjs.org/static-favicon not expired, no request
500 warn deprecated static-favicon@1.0.2: use serve-favicon module
501 silly mapToRegistry name static-favicon
502 silly mapToRegistry using default registry
503 silly mapToRegistry registry https://registry.npmjs.org/
504 silly mapToRegistry uri https://registry.npmjs.org/static-favicon
505 verbose addRemoteTarball https://registry.npmjs.org/static-favicon/-/static-favicon-1.0.2.tgz not in flight; adding
506 verbose addRemoteTarball [ 'https://registry.npmjs.org/static-favicon/-/static-favicon-1.0.2.tgz',
506 verbose addRemoteTarball   '7c15920dda2bf33f414b0e60aebbd65cdd2a1d2f' ]
507 info retry fetch attempt 1 at 2:03:09 AM
508 info attempt registry request try #1 at 2:03:09 AM
509 http fetch GET https://registry.npmjs.org/static-favicon/-/static-favicon-1.0.2.tgz
510 info attempt registry request try #2 at 2:03:11 AM
511 http fetch GET https://registry.npmjs.org/compression/-/compression-1.0.0.tgz
512 http 304 https://registry.npmjs.org/fresh
513 verbose headers { date: 'Thu, 25 Aug 2016 20:33:13 GMT',
513 verbose headers   via: '1.1 varnish',
513 verbose headers   'cache-control': 'max-age=300',
513 verbose headers   etag: '"275FBQ7DYYZ88WZ6SWZ0PBCR1"',
513 verbose headers   age: '150',
513 verbose headers   connection: 'keep-alive',
513 verbose headers   'x-served-by': 'cache-sin6924-SIN',
513 verbose headers   'x-cache': 'HIT',
513 verbose headers   'x-cache-hits': '42',
513 verbose headers   'x-timer': 'S1472157193.363989,VS0,VE0',
513 verbose headers   vary: 'Accept-Encoding' }
514 silly get cb [ 304,
514 silly get   { date: 'Thu, 25 Aug 2016 20:33:13 GMT',
514 silly get     via: '1.1 varnish',
514 silly get     'cache-control': 'max-age=300',
514 silly get     etag: '"275FBQ7DYYZ88WZ6SWZ0PBCR1"',
514 silly get     age: '150',
514 silly get     connection: 'keep-alive',
514 silly get     'x-served-by': 'cache-sin6924-SIN',
514 silly get     'x-cache': 'HIT',
514 silly get     'x-cache-hits': '42',
514 silly get     'x-timer': 'S1472157193.363989,VS0,VE0',
514 silly get     vary: 'Accept-Encoding' } ]
515 verbose etag https://registry.npmjs.org/fresh from cache
516 verbose get saving fresh to /home/ashish/.npm/registry.npmjs.org/fresh/.cache.json
517 http 304 https://registry.npmjs.org/cookie-signature
518 verbose headers { date: 'Thu, 25 Aug 2016 20:33:13 GMT',
518 verbose headers   via: '1.1 varnish',
518 verbose headers   'cache-control': 'max-age=300',
518 verbose headers   etag: '"ET4AGD5PK81O068I8EGRAY4I7"',
518 verbose headers   age: '155',
518 verbose headers   connection: 'keep-alive',
518 verbose headers   'x-served-by': 'cache-sin6922-SIN',
518 verbose headers   'x-cache': 'HIT',
518 verbose headers   'x-cache-hits': '4',
518 verbose headers   'x-timer': 'S1472157193.494123,VS0,VE0',
518 verbose headers   vary: 'Accept-Encoding' }
519 silly get cb [ 304,
519 silly get   { date: 'Thu, 25 Aug 2016 20:33:13 GMT',
519 silly get     via: '1.1 varnish',
519 silly get     'cache-control': 'max-age=300',
519 silly get     etag: '"ET4AGD5PK81O068I8EGRAY4I7"',
519 silly get     age: '155',
519 silly get     connection: 'keep-alive',
519 silly get     'x-served-by': 'cache-sin6922-SIN',
519 silly get     'x-cache': 'HIT',
519 silly get     'x-cache-hits': '4',
519 silly get     'x-timer': 'S1472157193.494123,VS0,VE0',
519 silly get     vary: 'Accept-Encoding' } ]
520 verbose etag https://registry.npmjs.org/cookie-signature from cache
521 verbose get saving cookie-signature to /home/ashish/.npm/registry.npmjs.org/cookie-signature/.cache.json
522 info attempt registry request try #2 at 2:03:11 AM
523 http fetch GET https://registry.npmjs.org/method-override/-/method-override-1.0.0.tgz
524 info attempt registry request try #2 at 2:03:11 AM
525 http fetch GET https://registry.npmjs.org/connect-timeout/-/connect-timeout-1.0.0.tgz
526 info retry will retry, error on last attempt: Error: getaddrinfo EAI_AGAIN registry.npmjs.org:443
527 info attempt registry request try #2 at 2:03:22 AM
528 http fetch GET https://registry.npmjs.org/csurf/-/csurf-1.1.0.tgz
529 http 200 https://registry.npmjs.org/pause
530 verbose headers { server: 'CouchDB/1.5.0 (Erlang OTP/R16B03)',
530 verbose headers   etag: '"AMXJRF8IYEDH2W7ZVFJ83MJR8"',
530 verbose headers   'content-type': 'application/json',
530 verbose headers   'content-encoding': 'gzip',
530 verbose headers   'cache-control': 'max-age=300',
530 verbose headers   'content-length': '1637',
530 verbose headers   'accept-ranges': 'bytes',
530 verbose headers   date: 'Thu, 25 Aug 2016 20:33:11 GMT',
530 verbose headers   via: '1.1 varnish',
530 verbose headers   age: '271',
530 verbose headers   connection: 'keep-alive',
530 verbose headers   'x-served-by': 'cache-sin6921-SIN',
530 verbose headers   'x-cache': 'HIT',
530 verbose headers   'x-cache-hits': '2',
530 verbose headers   'x-timer': 'S1472157191.866460,VS0,VE0',
530 verbose headers   vary: 'Accept-Encoding' }
531 silly get cb [ 200,
531 silly get   { server: 'CouchDB/1.5.0 (Erlang OTP/R16B03)',
531 silly get     etag: '"AMXJRF8IYEDH2W7ZVFJ83MJR8"',
531 silly get     'content-type': 'application/json',
531 silly get     'content-encoding': 'gzip',
531 silly get     'cache-control': 'max-age=300',
531 silly get     'content-length': '1637',
531 silly get     'accept-ranges': 'bytes',
531 silly get     date: 'Thu, 25 Aug 2016 20:33:11 GMT',
531 silly get     via: '1.1 varnish',
531 silly get     age: '271',
531 silly get     connection: 'keep-alive',
531 silly get     'x-served-by': 'cache-sin6921-SIN',
531 silly get     'x-cache': 'HIT',
531 silly get     'x-cache-hits': '2',
531 silly get     'x-timer': 'S1472157191.866460,VS0,VE0',
531 silly get     vary: 'Accept-Encoding' } ]
532 verbose get saving pause to /home/ashish/.npm/registry.npmjs.org/pause/.cache.json
533 http 200 https://registry.npmjs.org/setimmediate
534 verbose headers { server: 'CouchDB/1.5.0 (Erlang OTP/R16B03)',
534 verbose headers   etag: '"B6LGVPRRSHQK225PEUB6W32DP"',
534 verbose headers   'content-type': 'application/json',
534 verbose headers   'content-encoding': 'gzip',
534 verbose headers   'cache-control': 'max-age=300',
534 verbose headers   'content-length': '4222',
534 verbose headers   'accept-ranges': 'bytes',
534 verbose headers   date: 'Thu, 25 Aug 2016 20:32:52 GMT',
534 verbose headers   via: '1.1 varnish',
534 verbose headers   age: '0',
534 verbose headers   connection: 'keep-alive',
534 verbose headers   'x-served-by': 'cache-sin6922-SIN',
534 verbose headers   'x-cache': 'HIT',
534 verbose headers   'x-cache-hits': '1',
534 verbose headers   'x-timer': 'S1472157171.432013,VS0,VE881',
534 verbose headers   vary: 'Accept-Encoding' }
535 silly get cb [ 200,
535 silly get   { server: 'CouchDB/1.5.0 (Erlang OTP/R16B03)',
535 silly get     etag: '"B6LGVPRRSHQK225PEUB6W32DP"',
535 silly get     'content-type': 'application/json',
535 silly get     'content-encoding': 'gzip',
535 silly get     'cache-control': 'max-age=300',
535 silly get     'content-length': '4222',
535 silly get     'accept-ranges': 'bytes',
535 silly get     date: 'Thu, 25 Aug 2016 20:32:52 GMT',
535 silly get     via: '1.1 varnish',
535 silly get     age: '0',
535 silly get     connection: 'keep-alive',
535 silly get     'x-served-by': 'cache-sin6922-SIN',
535 silly get     'x-cache': 'HIT',
535 silly get     'x-cache-hits': '1',
535 silly get     'x-timer': 'S1472157171.432013,VS0,VE881',
535 silly get     vary: 'Accept-Encoding' } ]
536 verbose get saving setimmediate to /home/ashish/.npm/registry.npmjs.org/setimmediate/.cache.json
537 silly resolveWithNewModule fresh@0.2.2 checking installable status
538 silly cache add args [ 'fresh@0.2.2', null ]
539 verbose cache add spec fresh@0.2.2
540 silly cache add parsed spec Result {
540 silly cache add   raw: 'fresh@0.2.2',
540 silly cache add   scope: null,
540 silly cache add   name: 'fresh',
540 silly cache add   rawSpec: '0.2.2',
540 silly cache add   spec: '0.2.2',
540 silly cache add   type: 'version' }
541 silly addNamed fresh@0.2.2
542 verbose addNamed "0.2.2" is a plain semver version for fresh
543 silly mapToRegistry name fresh
544 silly mapToRegistry using default registry
545 silly mapToRegistry registry https://registry.npmjs.org/
546 silly mapToRegistry uri https://registry.npmjs.org/fresh
547 verbose addNameVersion registry:https://registry.npmjs.org/fresh not in flight; fetching
548 silly resolveWithNewModule cookie-signature@1.0.3 checking installable status
549 silly cache add args [ 'cookie-signature@1.0.3', null ]
550 verbose cache add spec cookie-signature@1.0.3
551 silly cache add parsed spec Result {
551 silly cache add   raw: 'cookie-signature@1.0.3',
551 silly cache add   scope: null,
551 silly cache add   name: 'cookie-signature',
551 silly cache add   rawSpec: '1.0.3',
551 silly cache add   spec: '1.0.3',
551 silly cache add   type: 'version' }
552 silly addNamed cookie-signature@1.0.3
553 verbose addNamed "1.0.3" is a plain semver version for cookie-signature
554 silly mapToRegistry name cookie-signature
555 silly mapToRegistry using default registry
556 silly mapToRegistry registry https://registry.npmjs.org/
557 silly mapToRegistry uri https://registry.npmjs.org/cookie-signature
558 verbose addNameVersion registry:https://registry.npmjs.org/cookie-signature not in flight; fetching
559 silly resolveWithNewModule pause@0.0.1 checking installable status
560 silly cache add args [ 'pause@0.0.1', null ]
561 verbose cache add spec pause@0.0.1
562 silly cache add parsed spec Result {
562 silly cache add   raw: 'pause@0.0.1',
562 silly cache add   scope: null,
562 silly cache add   name: 'pause',
562 silly cache add   rawSpec: '0.0.1',
562 silly cache add   spec: '0.0.1',
562 silly cache add   type: 'version' }
563 silly addNamed pause@0.0.1
564 verbose addNamed "0.0.1" is a plain semver version for pause
565 silly mapToRegistry name pause
566 silly mapToRegistry using default registry
567 silly mapToRegistry registry https://registry.npmjs.org/
568 silly mapToRegistry uri https://registry.npmjs.org/pause
569 verbose addNameVersion registry:https://registry.npmjs.org/pause not in flight; fetching
570 silly resolveWithNewModule setimmediate@1.0.1 checking installable status
571 silly cache add args [ 'setimmediate@1.0.1', null ]
572 verbose cache add spec setimmediate@1.0.1
573 silly cache add parsed spec Result {
573 silly cache add   raw: 'setimmediate@1.0.1',
573 silly cache add   scope: null,
573 silly cache add   name: 'setimmediate',
573 silly cache add   rawSpec: '1.0.1',
573 silly cache add   spec: '1.0.1',
573 silly cache add   type: 'version' }
574 silly addNamed setimmediate@1.0.1
575 verbose addNamed "1.0.1" is a plain semver version for setimmediate
576 silly mapToRegistry name setimmediate
577 silly mapToRegistry using default registry
578 silly mapToRegistry registry https://registry.npmjs.org/
579 silly mapToRegistry uri https://registry.npmjs.org/setimmediate
580 verbose addNameVersion registry:https://registry.npmjs.org/setimmediate not in flight; fetching
581 verbose get https://registry.npmjs.org/fresh not expired, no request
582 verbose get https://registry.npmjs.org/cookie-signature not expired, no request
583 silly mapToRegistry name fresh
584 silly mapToRegistry using default registry
585 silly mapToRegistry registry https://registry.npmjs.org/
586 silly mapToRegistry uri https://registry.npmjs.org/fresh
587 verbose addRemoteTarball https://registry.npmjs.org/fresh/-/fresh-0.2.2.tgz not in flight; adding
588 verbose addRemoteTarball [ 'https://registry.npmjs.org/fresh/-/fresh-0.2.2.tgz',
588 verbose addRemoteTarball   '9731dcf5678c7faeb44fb903c4f72df55187fa77' ]
589 silly mapToRegistry name cookie-signature
590 silly mapToRegistry using default registry
591 silly mapToRegistry registry https://registry.npmjs.org/
592 silly mapToRegistry uri https://registry.npmjs.org/cookie-signature
593 verbose addRemoteTarball https://registry.npmjs.org/cookie-signature/-/cookie-signature-1.0.3.tgz not in flight; adding
594 verbose addRemoteTarball [ 'https://registry.npmjs.org/cookie-signature/-/cookie-signature-1.0.3.tgz',
594 verbose addRemoteTarball   '91cd997cc51fb641595738c69cda020328f50ff9' ]
595 verbose get https://registry.npmjs.org/pause not expired, no request
596 info retry fetch attempt 1 at 2:03:25 AM
597 info attempt registry request try #1 at 2:03:25 AM
598 http fetch GET https://registry.npmjs.org/fresh/-/fresh-0.2.2.tgz
599 info retry fetch attempt 1 at 2:03:25 AM
600 info attempt registry request try #1 at 2:03:25 AM
601 http fetch GET https://registry.npmjs.org/cookie-signature/-/cookie-signature-1.0.3.tgz
602 silly mapToRegistry name pause
603 silly mapToRegistry using default registry
604 silly mapToRegistry registry https://registry.npmjs.org/
605 silly mapToRegistry uri https://registry.npmjs.org/pause
606 verbose addRemoteTarball https://registry.npmjs.org/pause/-/pause-0.0.1.tgz not in flight; adding
607 verbose addRemoteTarball [ 'https://registry.npmjs.org/pause/-/pause-0.0.1.tgz',
607 verbose addRemoteTarball   '1d408b3fdb76923b9543d96fb4c9dfd535d9cb5d' ]
608 verbose get https://registry.npmjs.org/setimmediate not expired, no request
609 silly mapToRegistry name setimmediate
610 silly mapToRegistry using default registry
611 silly mapToRegistry registry https://registry.npmjs.org/
612 silly mapToRegistry uri https://registry.npmjs.org/setimmediate
613 verbose addRemoteTarball https://registry.npmjs.org/setimmediate/-/setimmediate-1.0.1.tgz not in flight; adding
614 verbose addRemoteTarball [ 'https://registry.npmjs.org/setimmediate/-/setimmediate-1.0.1.tgz',
614 verbose addRemoteTarball   'a9ca56ccbd6a4c3334855f060abcdece5c42ebb7' ]
615 info retry fetch attempt 1 at 2:03:27 AM
616 info attempt registry request try #1 at 2:03:27 AM
617 http fetch GET https://registry.npmjs.org/pause/-/pause-0.0.1.tgz
618 info retry fetch attempt 1 at 2:03:30 AM
619 info attempt registry request try #1 at 2:03:30 AM
620 http fetch GET https://registry.npmjs.org/setimmediate/-/setimmediate-1.0.1.tgz
621 info retry will retry, error on last attempt: Error: connect ENETUNREACH 151.101.8.162:443
622 info retry will retry, error on last attempt: Error: connect ENETUNREACH 151.101.8.162:443
623 info retry will retry, error on last attempt: Error: connect ENETUNREACH 151.101.8.162:443
624 info retry will retry, error on last attempt: Error: connect ENETUNREACH 151.101.8.162:443
625 info retry will retry, error on last attempt: Error: connect ENETUNREACH 151.101.8.162:443
626 info retry will retry, error on last attempt: Error: connect ENETUNREACH 151.101.8.162:443
627 info retry will retry, error on last attempt: Error: connect ENETUNREACH 151.101.8.162:443
628 info retry will retry, error on last attempt: Error: connect ENETUNREACH 151.101.8.162:443
629 info retry will retry, error on last attempt: Error: connect ENETUNREACH 151.101.8.162:443
630 info attempt registry request try #2 at 2:03:43 AM
631 http fetch GET https://registry.npmjs.org/fresh/-/fresh-0.2.2.tgz
632 info attempt registry request try #2 at 2:03:44 AM
633 http fetch GET https://registry.npmjs.org/cookie-signature/-/cookie-signature-1.0.3.tgz
634 info attempt registry request try #2 at 2:03:45 AM
635 http fetch GET https://registry.npmjs.org/setimmediate/-/setimmediate-1.0.1.tgz
636 info attempt registry request try #2 at 2:03:45 AM
637 http fetch GET https://registry.npmjs.org/pause/-/pause-0.0.1.tgz
638 info attempt registry request try #2 at 2:03:46 AM
639 http fetch GET https://registry.npmjs.org/raw-body/-/raw-body-1.1.4.tgz
640 info retry will retry, error on last attempt: Error: read ECONNRESET
641 http fetch 200 https://registry.npmjs.org/fresh/-/fresh-0.2.2.tgz
642 silly fetchAndShaCheck shasum 9731dcf5678c7faeb44fb903c4f72df55187fa77
643 verbose addTmpTarball /tmp/npm-18757-2c202507/registry.npmjs.org/fresh/-/fresh-0.2.2.tgz not in flight; adding
644 verbose addTmpTarball already have metadata; skipping unpack for fresh@0.2.2
645 silly cache afterAdd fresh@0.2.2
646 verbose afterAdd /home/ashish/.npm/fresh/0.2.2/package/package.json not in flight; writing
647 verbose afterAdd /home/ashish/.npm/fresh/0.2.2/package/package.json written
648 http fetch 200 https://registry.npmjs.org/pause/-/pause-0.0.1.tgz
649 silly fetchAndShaCheck shasum 1d408b3fdb76923b9543d96fb4c9dfd535d9cb5d
650 verbose addTmpTarball /tmp/npm-18757-2c202507/registry.npmjs.org/pause/-/pause-0.0.1.tgz not in flight; adding
651 verbose addTmpTarball already have metadata; skipping unpack for pause@0.0.1
652 silly cache afterAdd pause@0.0.1
653 verbose afterAdd /home/ashish/.npm/pause/0.0.1/package/package.json not in flight; writing
654 verbose afterAdd /home/ashish/.npm/pause/0.0.1/package/package.json written
655 info attempt registry request try #2 at 2:04:05 AM
656 http fetch GET https://registry.npmjs.org/cookie-parser/-/cookie-parser-1.0.1.tgz
657 http fetch 200 https://registry.npmjs.org/raw-body/-/raw-body-1.1.4.tgz
658 silly fetchAndShaCheck shasum f0b5624388d031f63da07f870c86cb9ccadcb67d
659 verbose addTmpTarball /tmp/npm-18757-2c202507/registry.npmjs.org/raw-body/-/raw-body-1.1.4.tgz not in flight; adding
660 verbose addTmpTarball already have metadata; skipping unpack for raw-body@1.1.4
661 silly cache afterAdd raw-body@1.1.4
662 verbose afterAdd /home/ashish/.npm/raw-body/1.1.4/package/package.json not in flight; writing
663 verbose afterAdd /home/ashish/.npm/raw-body/1.1.4/package/package.json written
664 http fetch 200 https://registry.npmjs.org/static-favicon/-/static-favicon-1.0.2.tgz
665 silly fetchAndShaCheck shasum 7c15920dda2bf33f414b0e60aebbd65cdd2a1d2f
666 verbose addTmpTarball /tmp/npm-18757-2c202507/registry.npmjs.org/static-favicon/-/static-favicon-1.0.2.tgz not in flight; adding
667 verbose addTmpTarball already have metadata; skipping unpack for static-favicon@1.0.2
668 silly cache afterAdd static-favicon@1.0.2
669 verbose afterAdd /home/ashish/.npm/static-favicon/1.0.2/package/package.json not in flight; writing
670 verbose afterAdd /home/ashish/.npm/static-favicon/1.0.2/package/package.json written
671 http fetch 200 https://registry.npmjs.org/cookie-signature/-/cookie-signature-1.0.3.tgz
672 silly fetchAndShaCheck shasum 91cd997cc51fb641595738c69cda020328f50ff9
673 verbose addTmpTarball /tmp/npm-18757-2c202507/registry.npmjs.org/cookie-signature/-/cookie-signature-1.0.3.tgz not in flight; adding
674 verbose addTmpTarball already have metadata; skipping unpack for cookie-signature@1.0.3
675 silly cache afterAdd cookie-signature@1.0.3
676 verbose afterAdd /home/ashish/.npm/cookie-signature/1.0.3/package/package.json not in flight; writing
677 verbose afterAdd /home/ashish/.npm/cookie-signature/1.0.3/package/package.json written
678 http fetch 200 https://registry.npmjs.org/setimmediate/-/setimmediate-1.0.1.tgz
679 http fetch 200 https://registry.npmjs.org/response-time/-/response-time-1.0.0.tgz
680 silly fetchAndShaCheck shasum c2bc8d08f3c359f97eae1d6da86eead175fabdc9
681 verbose addTmpTarball /tmp/npm-18757-2c202507/registry.npmjs.org/response-time/-/response-time-1.0.0.tgz not in flight; adding
682 verbose addTmpTarball already have metadata; skipping unpack for response-time@1.0.0
683 silly cache afterAdd response-time@1.0.0
684 verbose afterAdd /home/ashish/.npm/response-time/1.0.0/package/package.json not in flight; writing
685 verbose afterAdd /home/ashish/.npm/response-time/1.0.0/package/package.json written
686 silly fetchAndShaCheck shasum a9ca56ccbd6a4c3334855f060abcdece5c42ebb7
687 verbose addTmpTarball /tmp/npm-18757-2c202507/registry.npmjs.org/setimmediate/-/setimmediate-1.0.1.tgz not in flight; adding
688 verbose addTmpTarball already have metadata; skipping unpack for setimmediate@1.0.1
689 silly cache afterAdd setimmediate@1.0.1
690 verbose afterAdd /home/ashish/.npm/setimmediate/1.0.1/package/package.json not in flight; writing
691 verbose afterAdd /home/ashish/.npm/setimmediate/1.0.1/package/package.json written
692 verbose stack Error: read ECONNRESET
692 verbose stack     at exports._errnoException (util.js:870:11)
692 verbose stack     at TLSWrap.onread (net.js:544:26)
693 verbose cwd /home/ashish/dev/node
694 error Linux 4.4.0-34-generic
695 error argv "/usr/bin/nodejs" "/usr/bin/npm" "install"
696 error node v4.2.6
697 error npm  v3.5.2
698 error code ECONNRESET
699 error errno ECONNRESET
700 error syscall read
701 error network read ECONNRESET
702 error network This is most likely not a problem with npm itself
702 error network and is related to network connectivity.
702 error network In most cases you are behind a proxy or have bad network settings.
702 error network
702 error network If you are behind a proxy, please make sure that the
702 error network 'proxy' config is set properly.  See: 'npm help config'
703 verbose exit [ 1, true ]
